Could not find conda environment: toy_classification_env
You can list all discoverable environments with `conda info --envs`.

Defaulting to user installation because normal site-packages is not writeable
Requirement already satisfied: scikit-learn==0.24.2 in /home/hguan16/.local/lib/python3.8/site-packages (from -r requirements.txt (line 1)) (0.24.2)
Requirement already satisfied: tqdm==4.64.1 in /home/hguan16/.local/lib/python3.8/site-packages (from -r requirements.txt (line 2)) (4.64.1)
Requirement already satisfied: transformers==4.26.1 in /home/hguan16/.local/lib/python3.8/site-packages (from -r requirements.txt (line 3)) (4.26.1)
Requirement already satisfied: datasets==2.10.0 in /home/hguan16/.local/lib/python3.8/site-packages (from -r requirements.txt (line 4)) (2.10.0)
Requirement already satisfied: evaluate==0.4.0 in /home/hguan16/.local/lib/python3.8/site-packages (from -r requirements.txt (line 5)) (0.4.0)
Requirement already satisfied: threadpoolctl>=2.0.0 in /data/apps/linux-centos8-cascadelake/gcc-9.3.0/anaconda3-2020.07-i7qavhiohb2uwqs4eqjeefzx3kp5jqdu/lib/python3.8/site-packages (from scikit-learn==0.24.2->-r requirements.txt (line 1)) (2.1.0)
Requirement already satisfied: joblib>=0.11 in /data/apps/linux-centos8-cascadelake/gcc-9.3.0/anaconda3-2020.07-i7qavhiohb2uwqs4eqjeefzx3kp5jqdu/lib/python3.8/site-packages (from scikit-learn==0.24.2->-r requirements.txt (line 1)) (0.16.0)
Requirement already satisfied: numpy>=1.13.3 in /data/apps/linux-centos8-cascadelake/gcc-9.3.0/anaconda3-2020.07-i7qavhiohb2uwqs4eqjeefzx3kp5jqdu/lib/python3.8/site-packages (from scikit-learn==0.24.2->-r requirements.txt (line 1)) (1.18.5)
Requirement already satisfied: scipy>=0.19.1 in /data/apps/linux-centos8-cascadelake/gcc-9.3.0/anaconda3-2020.07-i7qavhiohb2uwqs4eqjeefzx3kp5jqdu/lib/python3.8/site-packages (from scikit-learn==0.24.2->-r requirements.txt (line 1)) (1.5.0)
Requirement already satisfied: filelock in /data/apps/linux-centos8-cascadelake/gcc-9.3.0/anaconda3-2020.07-i7qavhiohb2uwqs4eqjeefzx3kp5jqdu/lib/python3.8/site-packages (from transformers==4.26.1->-r requirements.txt (line 3)) (3.0.12)
Requirement already satisfied: packaging>=20.0 in /data/apps/linux-centos8-cascadelake/gcc-9.3.0/anaconda3-2020.07-i7qavhiohb2uwqs4eqjeefzx3kp5jqdu/lib/python3.8/site-packages (from transformers==4.26.1->-r requirements.txt (line 3)) (20.4)
Requirement already satisfied: huggingface-hub<1.0,>=0.11.0 in /home/hguan16/.local/lib/python3.8/site-packages (from transformers==4.26.1->-r requirements.txt (line 3)) (0.13.1)
Requirement already satisfied: pyyaml>=5.1 in /data/apps/linux-centos8-cascadelake/gcc-9.3.0/anaconda3-2020.07-i7qavhiohb2uwqs4eqjeefzx3kp5jqdu/lib/python3.8/site-packages (from transformers==4.26.1->-r requirements.txt (line 3)) (5.3.1)
Requirement already satisfied: regex!=2019.12.17 in /data/apps/linux-centos8-cascadelake/gcc-9.3.0/anaconda3-2020.07-i7qavhiohb2uwqs4eqjeefzx3kp5jqdu/lib/python3.8/site-packages (from transformers==4.26.1->-r requirements.txt (line 3)) (2020.6.8)
Requirement already satisfied: requests in /data/apps/linux-centos8-cascadelake/gcc-9.3.0/anaconda3-2020.07-i7qavhiohb2uwqs4eqjeefzx3kp5jqdu/lib/python3.8/site-packages (from transformers==4.26.1->-r requirements.txt (line 3)) (2.24.0)
Requirement already satisfied: tokenizers!=0.11.3,<0.14,>=0.11.1 in /home/hguan16/.local/lib/python3.8/site-packages (from transformers==4.26.1->-r requirements.txt (line 3)) (0.13.2)
Requirement already satisfied: responses<0.19 in /home/hguan16/.local/lib/python3.8/site-packages (from datasets==2.10.0->-r requirements.txt (line 4)) (0.18.0)
Requirement already satisfied: multiprocess in /home/hguan16/.local/lib/python3.8/site-packages (from datasets==2.10.0->-r requirements.txt (line 4)) (0.70.14)
Requirement already satisfied: dill<0.3.7,>=0.3.0 in /home/hguan16/.local/lib/python3.8/site-packages (from datasets==2.10.0->-r requirements.txt (line 4)) (0.3.6)
Requirement already satisfied: aiohttp in /home/hguan16/.local/lib/python3.8/site-packages (from datasets==2.10.0->-r requirements.txt (line 4)) (3.8.4)
Requirement already satisfied: pyarrow>=6.0.0 in /home/hguan16/.local/lib/python3.8/site-packages (from datasets==2.10.0->-r requirements.txt (line 4)) (11.0.0)
Requirement already satisfied: pandas in /data/apps/linux-centos8-cascadelake/gcc-9.3.0/anaconda3-2020.07-i7qavhiohb2uwqs4eqjeefzx3kp5jqdu/lib/python3.8/site-packages (from datasets==2.10.0->-r requirements.txt (line 4)) (1.0.5)
Requirement already satisfied: fsspec[http]>=2021.11.1 in /home/hguan16/.local/lib/python3.8/site-packages (from datasets==2.10.0->-r requirements.txt (line 4)) (2023.3.0)
Requirement already satisfied: xxhash in /home/hguan16/.local/lib/python3.8/site-packages (from datasets==2.10.0->-r requirements.txt (line 4)) (3.2.0)
Requirement already satisfied: six in /data/apps/linux-centos8-cascadelake/gcc-9.3.0/anaconda3-2020.07-i7qavhiohb2uwqs4eqjeefzx3kp5jqdu/lib/python3.8/site-packages (from packaging>=20.0->transformers==4.26.1->-r requirements.txt (line 3)) (1.15.0)
Requirement already satisfied: pyparsing>=2.0.2 in /data/apps/linux-centos8-cascadelake/gcc-9.3.0/anaconda3-2020.07-i7qavhiohb2uwqs4eqjeefzx3kp5jqdu/lib/python3.8/site-packages (from packaging>=20.0->transformers==4.26.1->-r requirements.txt (line 3)) (2.4.7)
Requirement already satisfied: typing-extensions>=3.7.4.3 in /home/hguan16/.local/lib/python3.8/site-packages (from huggingface-hub<1.0,>=0.11.0->transformers==4.26.1->-r requirements.txt (line 3)) (4.5.0)
Requirement already satisfied: certifi>=2017.4.17 in /data/apps/linux-centos8-cascadelake/gcc-9.3.0/anaconda3-2020.07-i7qavhiohb2uwqs4eqjeefzx3kp5jqdu/lib/python3.8/site-packages (from requests->transformers==4.26.1->-r requirements.txt (line 3)) (2020.6.20)
Requirement already satisfied: urllib3!=1.25.0,!=1.25.1,<1.26,>=1.21.1 in /data/apps/linux-centos8-cascadelake/gcc-9.3.0/anaconda3-2020.07-i7qavhiohb2uwqs4eqjeefzx3kp5jqdu/lib/python3.8/site-packages (from requests->transformers==4.26.1->-r requirements.txt (line 3)) (1.25.9)
Requirement already satisfied: chardet<4,>=3.0.2 in /data/apps/linux-centos8-cascadelake/gcc-9.3.0/anaconda3-2020.07-i7qavhiohb2uwqs4eqjeefzx3kp5jqdu/lib/python3.8/site-packages (from requests->transformers==4.26.1->-r requirements.txt (line 3)) (3.0.4)
Requirement already satisfied: idna<3,>=2.5 in /data/apps/linux-centos8-cascadelake/gcc-9.3.0/anaconda3-2020.07-i7qavhiohb2uwqs4eqjeefzx3kp5jqdu/lib/python3.8/site-packages (from requests->transformers==4.26.1->-r requirements.txt (line 3)) (2.10)
Requirement already satisfied: attrs>=17.3.0 in /data/apps/linux-centos8-cascadelake/gcc-9.3.0/anaconda3-2020.07-i7qavhiohb2uwqs4eqjeefzx3kp5jqdu/lib/python3.8/site-packages (from aiohttp->datasets==2.10.0->-r requirements.txt (line 4)) (19.3.0)
Requirement already satisfied: aiosignal>=1.1.2 in /home/hguan16/.local/lib/python3.8/site-packages (from aiohttp->datasets==2.10.0->-r requirements.txt (line 4)) (1.3.1)
Requirement already satisfied: multidict<7.0,>=4.5 in /home/hguan16/.local/lib/python3.8/site-packages (from aiohttp->datasets==2.10.0->-r requirements.txt (line 4)) (6.0.4)
Requirement already satisfied: charset-normalizer<4.0,>=2.0 in /home/hguan16/.local/lib/python3.8/site-packages (from aiohttp->datasets==2.10.0->-r requirements.txt (line 4)) (3.1.0)
Requirement already satisfied: yarl<2.0,>=1.0 in /home/hguan16/.local/lib/python3.8/site-packages (from aiohttp->datasets==2.10.0->-r requirements.txt (line 4)) (1.8.2)
Requirement already satisfied: frozenlist>=1.1.1 in /home/hguan16/.local/lib/python3.8/site-packages (from aiohttp->datasets==2.10.0->-r requirements.txt (line 4)) (1.3.3)
Requirement already satisfied: async-timeout<5.0,>=4.0.0a3 in /home/hguan16/.local/lib/python3.8/site-packages (from aiohttp->datasets==2.10.0->-r requirements.txt (line 4)) (4.0.2)
Requirement already satisfied: python-dateutil>=2.6.1 in /data/apps/linux-centos8-cascadelake/gcc-9.3.0/anaconda3-2020.07-i7qavhiohb2uwqs4eqjeefzx3kp5jqdu/lib/python3.8/site-packages (from pandas->datasets==2.10.0->-r requirements.txt (line 4)) (2.8.1)
Requirement already satisfied: pytz>=2017.2 in /data/apps/linux-centos8-cascadelake/gcc-9.3.0/anaconda3-2020.07-i7qavhiohb2uwqs4eqjeefzx3kp5jqdu/lib/python3.8/site-packages (from pandas->datasets==2.10.0->-r requirements.txt (line 4)) (2020.1)
Found cached dataset boolq (/home/hguan16/.cache/huggingface/datasets/boolq/default/0.1.0/bf0dd57da941c50de94ae3ce3cef7fea48c08f337a4b7aac484e9dddc5aa24e5)
Specified arguments: Namespace(batch_size=64, device='cuda', experiment='overfit', lr=0.0001, model='distilbert-base-uncased', num_epochs=30, small_subset=False)
Loading the dataset ...
  0%|          | 0/2 [00:00<?, ?it/s]100%|██████████| 2/2 [00:00<00:00, 880.51it/s]
Some weights of the model checkpoint at distilbert-base-uncased were not used when initializing DistilBertForSequenceClassification: ['vocab_layer_norm.weight', 'vocab_transform.weight', 'vocab_projector.weight', 'vocab_transform.bias', 'vocab_projector.bias', 'vocab_layer_norm.bias']
- This IS expected if you are initializing DistilBertForSequenceClassification from the checkpoint of a model trained on another task or with another architecture (e.g. initializing a BertForSequenceClassification model from a BertForPreTraining model).
- This IS NOT expected if you are initializing DistilBertForSequenceClassification from the checkpoint of a model that you expect to be exactly identical (initializing a BertForSequenceClassification model from a BertForSequenceClassification model).
Some weights of DistilBertForSequenceClassification were not initialized from the model checkpoint at distilbert-base-uncased and are newly initialized: ['classifier.weight', 'pre_classifier.weight', 'pre_classifier.bias', 'classifier.bias']
You should probably TRAIN this model on a down-stream task to be able to use it for predictions and inference.
Slicing the data...
Size of the loaded dataset:
 - train: 8000
 - dev: 3270
 - test: 1427
Loading the tokenizer...
Loding the data into DS...
 >>>>>>>> Initializing the data loaders ... 
Loading the model ...
Moving model to device ...cuda
 >>>>>>>>  Starting training ... 
 >>>>>>>>  Initializing optimizer
Epoch 1 training:
 ===> Epoch 1
 - Average training metrics: accuracy={'accuracy': 0.644}
 - Average validation metrics: accuracy={'accuracy': 0.6822629969418961}
Epoch 2 training:
 ===> Epoch 2
 - Average training metrics: accuracy={'accuracy': 0.72725}
 - Average validation metrics: accuracy={'accuracy': 0.7076452599388379}
Epoch 3 training:
 ===> Epoch 3
 - Average training metrics: accuracy={'accuracy': 0.834375}
 - Average validation metrics: accuracy={'accuracy': 0.7174311926605504}
Epoch 4 training:
 ===> Epoch 4
 - Average training metrics: accuracy={'accuracy': 0.9085}
 - Average validation metrics: accuracy={'accuracy': 0.67217125382263}
Epoch 5 training:
 ===> Epoch 5
 - Average training metrics: accuracy={'accuracy': 0.933125}
 - Average validation metrics: accuracy={'accuracy': 0.7119266055045872}
Epoch 6 training:
 ===> Epoch 6
 - Average training metrics: accuracy={'accuracy': 0.948125}
 - Average validation metrics: accuracy={'accuracy': 0.6932721712538227}
Epoch 7 training:
 ===> Epoch 7
 - Average training metrics: accuracy={'accuracy': 0.974}
 - Average validation metrics: accuracy={'accuracy': 0.7067278287461773}
Epoch 8 training:
 ===> Epoch 8
 - Average training metrics: accuracy={'accuracy': 0.98225}
 - Average validation metrics: accuracy={'accuracy': 0.6877675840978593}
Epoch 9 training:
 ===> Epoch 9
 - Average training metrics: accuracy={'accuracy': 0.984375}
 - Average validation metrics: accuracy={'accuracy': 0.6834862385321101}
Epoch 10 training:
 ===> Epoch 10
 - Average training metrics: accuracy={'accuracy': 0.987625}
 - Average validation metrics: accuracy={'accuracy': 0.7079510703363915}
Epoch 11 training:
 ===> Epoch 11
 - Average training metrics: accuracy={'accuracy': 0.993875}
 - Average validation metrics: accuracy={'accuracy': 0.7110091743119266}
Epoch 12 training:
 ===> Epoch 12
 - Average training metrics: accuracy={'accuracy': 0.9955}
 - Average validation metrics: accuracy={'accuracy': 0.7055045871559633}
Epoch 13 training:
 ===> Epoch 13
 - Average training metrics: accuracy={'accuracy': 0.9945}
 - Average validation metrics: accuracy={'accuracy': 0.7079510703363915}
Epoch 14 training:
 ===> Epoch 14
 - Average training metrics: accuracy={'accuracy': 0.996625}
 - Average validation metrics: accuracy={'accuracy': 0.7143730886850153}
Epoch 15 training:
 ===> Epoch 15
 - Average training metrics: accuracy={'accuracy': 0.99725}
 - Average validation metrics: accuracy={'accuracy': 0.717737003058104}
Epoch 16 training:
 ===> Epoch 16
 - Average training metrics: accuracy={'accuracy': 0.997}
 - Average validation metrics: accuracy={'accuracy': 0.7119266055045872}
Epoch 17 training:
 ===> Epoch 17
 - Average training metrics: accuracy={'accuracy': 0.99775}
 - Average validation metrics: accuracy={'accuracy': 0.7152905198776759}
Epoch 18 training:
 ===> Epoch 18
 - Average training metrics: accuracy={'accuracy': 0.99725}
 - Average validation metrics: accuracy={'accuracy': 0.7076452599388379}
Epoch 19 training:
 ===> Epoch 19
 - Average training metrics: accuracy={'accuracy': 0.998875}
 - Average validation metrics: accuracy={'accuracy': 0.7137614678899082}
Epoch 20 training:
 ===> Epoch 20
 - Average training metrics: accuracy={'accuracy': 0.998375}
 - Average validation metrics: accuracy={'accuracy': 0.7125382262996942}
Epoch 21 training:
 ===> Epoch 21
 - Average training metrics: accuracy={'accuracy': 0.99925}
 - Average validation metrics: accuracy={'accuracy': 0.7134556574923547}
Epoch 22 training:
 ===> Epoch 22
 - Average training metrics: accuracy={'accuracy': 0.99875}
 - Average validation metrics: accuracy={'accuracy': 0.7162079510703364}
Epoch 23 training:
 ===> Epoch 23
 - Average training metrics: accuracy={'accuracy': 0.9995}
 - Average validation metrics: accuracy={'accuracy': 0.7128440366972477}
Epoch 24 training:
 ===> Epoch 24
 - Average training metrics: accuracy={'accuracy': 0.99975}
 - Average validation metrics: accuracy={'accuracy': 0.7146788990825688}
Epoch 25 training:
 ===> Epoch 25
 - Average training metrics: accuracy={'accuracy': 0.999625}
 - Average validation metrics: accuracy={'accuracy': 0.7165137614678899}
Epoch 26 training:
 ===> Epoch 26
 - Average training metrics: accuracy={'accuracy': 1.0}
 - Average validation metrics: accuracy={'accuracy': 0.717737003058104}
Epoch 27 training:
 ===> Epoch 27
 - Average training metrics: accuracy={'accuracy': 0.999875}
 - Average validation metrics: accuracy={'accuracy': 0.7073394495412844}
Epoch 28 training:
 ===> Epoch 28
 - Average training metrics: accuracy={'accuracy': 1.0}
 - Average validation metrics: accuracy={'accuracy': 0.7113149847094801}
Epoch 29 training:
 ===> Epoch 29
 - Average training metrics: accuracy={'accuracy': 0.999875}
 - Average validation metrics: accuracy={'accuracy': 0.7110091743119266}
Epoch 30 training:
 ===> Epoch 30
 - Average training metrics: accuracy={'accuracy': 1.0}
 - Average validation metrics: accuracy={'accuracy': 0.710703363914373}
Traceback (most recent call last):
  File "classification.py", line 287, in <module>
    train(pretrained_model, args.num_epochs, train_dataloader, validation_dataloader, args.device, args.lr)
  File "classification.py", line 193, in train
    np.save(f, np.array(acc))
NameError: name 'np' is not defined
srun: error: icgpu02: task 0: Exited with exit code 1
