Could not find conda environment: toy_classification_env
You can list all discoverable environments with `conda info --envs`.

Defaulting to user installation because normal site-packages is not writeable
Requirement already satisfied: scikit-learn==0.24.2 in /home/hguan16/.local/lib/python3.8/site-packages (from -r requirements.txt (line 1)) (0.24.2)
Requirement already satisfied: tqdm==4.64.1 in /home/hguan16/.local/lib/python3.8/site-packages (from -r requirements.txt (line 2)) (4.64.1)
Requirement already satisfied: transformers==4.26.1 in /home/hguan16/.local/lib/python3.8/site-packages (from -r requirements.txt (line 3)) (4.26.1)
Requirement already satisfied: datasets==2.10.0 in /home/hguan16/.local/lib/python3.8/site-packages (from -r requirements.txt (line 4)) (2.10.0)
Requirement already satisfied: evaluate==0.4.0 in /home/hguan16/.local/lib/python3.8/site-packages (from -r requirements.txt (line 5)) (0.4.0)
Requirement already satisfied: scipy>=0.19.1 in /data/apps/linux-centos8-cascadelake/gcc-9.3.0/anaconda3-2020.07-i7qavhiohb2uwqs4eqjeefzx3kp5jqdu/lib/python3.8/site-packages (from scikit-learn==0.24.2->-r requirements.txt (line 1)) (1.5.0)
Requirement already satisfied: joblib>=0.11 in /data/apps/linux-centos8-cascadelake/gcc-9.3.0/anaconda3-2020.07-i7qavhiohb2uwqs4eqjeefzx3kp5jqdu/lib/python3.8/site-packages (from scikit-learn==0.24.2->-r requirements.txt (line 1)) (0.16.0)
Requirement already satisfied: threadpoolctl>=2.0.0 in /data/apps/linux-centos8-cascadelake/gcc-9.3.0/anaconda3-2020.07-i7qavhiohb2uwqs4eqjeefzx3kp5jqdu/lib/python3.8/site-packages (from scikit-learn==0.24.2->-r requirements.txt (line 1)) (2.1.0)
Requirement already satisfied: numpy>=1.13.3 in /data/apps/linux-centos8-cascadelake/gcc-9.3.0/anaconda3-2020.07-i7qavhiohb2uwqs4eqjeefzx3kp5jqdu/lib/python3.8/site-packages (from scikit-learn==0.24.2->-r requirements.txt (line 1)) (1.18.5)
Requirement already satisfied: filelock in /data/apps/linux-centos8-cascadelake/gcc-9.3.0/anaconda3-2020.07-i7qavhiohb2uwqs4eqjeefzx3kp5jqdu/lib/python3.8/site-packages (from transformers==4.26.1->-r requirements.txt (line 3)) (3.0.12)
Requirement already satisfied: packaging>=20.0 in /data/apps/linux-centos8-cascadelake/gcc-9.3.0/anaconda3-2020.07-i7qavhiohb2uwqs4eqjeefzx3kp5jqdu/lib/python3.8/site-packages (from transformers==4.26.1->-r requirements.txt (line 3)) (20.4)
Requirement already satisfied: tokenizers!=0.11.3,<0.14,>=0.11.1 in /home/hguan16/.local/lib/python3.8/site-packages (from transformers==4.26.1->-r requirements.txt (line 3)) (0.13.2)
Requirement already satisfied: pyyaml>=5.1 in /data/apps/linux-centos8-cascadelake/gcc-9.3.0/anaconda3-2020.07-i7qavhiohb2uwqs4eqjeefzx3kp5jqdu/lib/python3.8/site-packages (from transformers==4.26.1->-r requirements.txt (line 3)) (5.3.1)
Requirement already satisfied: regex!=2019.12.17 in /data/apps/linux-centos8-cascadelake/gcc-9.3.0/anaconda3-2020.07-i7qavhiohb2uwqs4eqjeefzx3kp5jqdu/lib/python3.8/site-packages (from transformers==4.26.1->-r requirements.txt (line 3)) (2020.6.8)
Requirement already satisfied: requests in /data/apps/linux-centos8-cascadelake/gcc-9.3.0/anaconda3-2020.07-i7qavhiohb2uwqs4eqjeefzx3kp5jqdu/lib/python3.8/site-packages (from transformers==4.26.1->-r requirements.txt (line 3)) (2.24.0)
Requirement already satisfied: huggingface-hub<1.0,>=0.11.0 in /home/hguan16/.local/lib/python3.8/site-packages (from transformers==4.26.1->-r requirements.txt (line 3)) (0.13.1)
Requirement already satisfied: responses<0.19 in /home/hguan16/.local/lib/python3.8/site-packages (from datasets==2.10.0->-r requirements.txt (line 4)) (0.18.0)
Requirement already satisfied: pandas in /data/apps/linux-centos8-cascadelake/gcc-9.3.0/anaconda3-2020.07-i7qavhiohb2uwqs4eqjeefzx3kp5jqdu/lib/python3.8/site-packages (from datasets==2.10.0->-r requirements.txt (line 4)) (1.0.5)
Requirement already satisfied: dill<0.3.7,>=0.3.0 in /home/hguan16/.local/lib/python3.8/site-packages (from datasets==2.10.0->-r requirements.txt (line 4)) (0.3.6)
Requirement already satisfied: xxhash in /home/hguan16/.local/lib/python3.8/site-packages (from datasets==2.10.0->-r requirements.txt (line 4)) (3.2.0)
Requirement already satisfied: multiprocess in /home/hguan16/.local/lib/python3.8/site-packages (from datasets==2.10.0->-r requirements.txt (line 4)) (0.70.14)
Requirement already satisfied: pyarrow>=6.0.0 in /home/hguan16/.local/lib/python3.8/site-packages (from datasets==2.10.0->-r requirements.txt (line 4)) (11.0.0)
Requirement already satisfied: aiohttp in /home/hguan16/.local/lib/python3.8/site-packages (from datasets==2.10.0->-r requirements.txt (line 4)) (3.8.4)
Requirement already satisfied: fsspec[http]>=2021.11.1 in /home/hguan16/.local/lib/python3.8/site-packages (from datasets==2.10.0->-r requirements.txt (line 4)) (2023.3.0)
Requirement already satisfied: six in /data/apps/linux-centos8-cascadelake/gcc-9.3.0/anaconda3-2020.07-i7qavhiohb2uwqs4eqjeefzx3kp5jqdu/lib/python3.8/site-packages (from packaging>=20.0->transformers==4.26.1->-r requirements.txt (line 3)) (1.15.0)
Requirement already satisfied: pyparsing>=2.0.2 in /data/apps/linux-centos8-cascadelake/gcc-9.3.0/anaconda3-2020.07-i7qavhiohb2uwqs4eqjeefzx3kp5jqdu/lib/python3.8/site-packages (from packaging>=20.0->transformers==4.26.1->-r requirements.txt (line 3)) (2.4.7)
Requirement already satisfied: idna<3,>=2.5 in /data/apps/linux-centos8-cascadelake/gcc-9.3.0/anaconda3-2020.07-i7qavhiohb2uwqs4eqjeefzx3kp5jqdu/lib/python3.8/site-packages (from requests->transformers==4.26.1->-r requirements.txt (line 3)) (2.10)
Requirement already satisfied: urllib3!=1.25.0,!=1.25.1,<1.26,>=1.21.1 in /data/apps/linux-centos8-cascadelake/gcc-9.3.0/anaconda3-2020.07-i7qavhiohb2uwqs4eqjeefzx3kp5jqdu/lib/python3.8/site-packages (from requests->transformers==4.26.1->-r requirements.txt (line 3)) (1.25.9)
Requirement already satisfied: chardet<4,>=3.0.2 in /data/apps/linux-centos8-cascadelake/gcc-9.3.0/anaconda3-2020.07-i7qavhiohb2uwqs4eqjeefzx3kp5jqdu/lib/python3.8/site-packages (from requests->transformers==4.26.1->-r requirements.txt (line 3)) (3.0.4)
Requirement already satisfied: certifi>=2017.4.17 in /data/apps/linux-centos8-cascadelake/gcc-9.3.0/anaconda3-2020.07-i7qavhiohb2uwqs4eqjeefzx3kp5jqdu/lib/python3.8/site-packages (from requests->transformers==4.26.1->-r requirements.txt (line 3)) (2020.6.20)
Requirement already satisfied: typing-extensions>=3.7.4.3 in /home/hguan16/.local/lib/python3.8/site-packages (from huggingface-hub<1.0,>=0.11.0->transformers==4.26.1->-r requirements.txt (line 3)) (4.5.0)
Requirement already satisfied: pytz>=2017.2 in /data/apps/linux-centos8-cascadelake/gcc-9.3.0/anaconda3-2020.07-i7qavhiohb2uwqs4eqjeefzx3kp5jqdu/lib/python3.8/site-packages (from pandas->datasets==2.10.0->-r requirements.txt (line 4)) (2020.1)
Requirement already satisfied: python-dateutil>=2.6.1 in /data/apps/linux-centos8-cascadelake/gcc-9.3.0/anaconda3-2020.07-i7qavhiohb2uwqs4eqjeefzx3kp5jqdu/lib/python3.8/site-packages (from pandas->datasets==2.10.0->-r requirements.txt (line 4)) (2.8.1)
Requirement already satisfied: attrs>=17.3.0 in /data/apps/linux-centos8-cascadelake/gcc-9.3.0/anaconda3-2020.07-i7qavhiohb2uwqs4eqjeefzx3kp5jqdu/lib/python3.8/site-packages (from aiohttp->datasets==2.10.0->-r requirements.txt (line 4)) (19.3.0)
Requirement already satisfied: frozenlist>=1.1.1 in /home/hguan16/.local/lib/python3.8/site-packages (from aiohttp->datasets==2.10.0->-r requirements.txt (line 4)) (1.3.3)
Requirement already satisfied: yarl<2.0,>=1.0 in /home/hguan16/.local/lib/python3.8/site-packages (from aiohttp->datasets==2.10.0->-r requirements.txt (line 4)) (1.8.2)
Requirement already satisfied: multidict<7.0,>=4.5 in /home/hguan16/.local/lib/python3.8/site-packages (from aiohttp->datasets==2.10.0->-r requirements.txt (line 4)) (6.0.4)
Requirement already satisfied: async-timeout<5.0,>=4.0.0a3 in /home/hguan16/.local/lib/python3.8/site-packages (from aiohttp->datasets==2.10.0->-r requirements.txt (line 4)) (4.0.2)
Requirement already satisfied: charset-normalizer<4.0,>=2.0 in /home/hguan16/.local/lib/python3.8/site-packages (from aiohttp->datasets==2.10.0->-r requirements.txt (line 4)) (3.1.0)
Requirement already satisfied: aiosignal>=1.1.2 in /home/hguan16/.local/lib/python3.8/site-packages (from aiohttp->datasets==2.10.0->-r requirements.txt (line 4)) (1.3.1)
Found cached dataset boolq (/home/hguan16/.cache/huggingface/datasets/boolq/default/0.1.0/bf0dd57da941c50de94ae3ce3cef7fea48c08f337a4b7aac484e9dddc5aa24e5)
Specified arguments: Namespace(batch_size=32, device='cuda', experiment='overfit', lr=0.0001, model='distilbert-base-cased', num_epochs=10, small_subset=False)
 >>>>>>>>  Starting training ... 
Loading the dataset ...
  0%|          | 0/2 [00:00<?, ?it/s]100%|██████████| 2/2 [00:00<00:00, 788.25it/s]
Some weights of the model checkpoint at bert-base-cased were not used when initializing BertForSequenceClassification: ['cls.predictions.bias', 'cls.predictions.transform.dense.bias', 'cls.seq_relationship.bias', 'cls.predictions.transform.LayerNorm.weight', 'cls.predictions.transform.dense.weight', 'cls.predictions.transform.LayerNorm.bias', 'cls.predictions.decoder.weight', 'cls.seq_relationship.weight']
- This IS expected if you are initializing BertForSequenceClassification from the checkpoint of a model trained on another task or with another architecture (e.g. initializing a BertForSequenceClassification model from a BertForPreTraining model).
- This IS NOT expected if you are initializing BertForSequenceClassification from the checkpoint of a model that you expect to be exactly identical (initializing a BertForSequenceClassification model from a BertForSequenceClassification model).
Some weights of BertForSequenceClassification were not initialized from the model checkpoint at bert-base-cased and are newly initialized: ['classifier.bias', 'classifier.weight']
You should probably TRAIN this model on a down-stream task to be able to use it for predictions and inference.
Found cached dataset boolq (/home/hguan16/.cache/huggingface/datasets/boolq/default/0.1.0/bf0dd57da941c50de94ae3ce3cef7fea48c08f337a4b7aac484e9dddc5aa24e5)
Slicing the data...
Size of the loaded dataset:
 - train: 8000
 - dev: 3270
 - test: 1427
Loading the tokenizer...
Loding the data into DS...
 >>>>>>>> Initializing the data loaders ... 
Loading the model ...
Moving model to device ...cuda
 >>>>>>>>  Initializing optimizer
Epoch 1 training:
 ===> Epoch 1
 - Average training metrics: accuracy={'accuracy': 0.623125}
 - Average validation metrics: accuracy={'accuracy': 0.6568807339449542}
Epoch 2 training:
 ===> Epoch 2
 - Average training metrics: accuracy={'accuracy': 0.66425}
 - Average validation metrics: accuracy={'accuracy': 0.6703363914373088}
Epoch 3 training:
 ===> Epoch 3
 - Average training metrics: accuracy={'accuracy': 0.775375}
 - Average validation metrics: accuracy={'accuracy': 0.6761467889908257}
Epoch 4 training:
 ===> Epoch 4
 - Average training metrics: accuracy={'accuracy': 0.883}
 - Average validation metrics: accuracy={'accuracy': 0.6767584097859327}
Epoch 5 training:
 ===> Epoch 5
 - Average training metrics: accuracy={'accuracy': 0.940375}
 - Average validation metrics: accuracy={'accuracy': 0.6804281345565749}
Loading the dataset ...
  0%|          | 0/2 [00:00<?, ?it/s]100%|██████████| 2/2 [00:00<00:00, 955.75it/s]
Some weights of the model checkpoint at bert-base-cased were not used when initializing BertForSequenceClassification: ['cls.predictions.bias', 'cls.predictions.transform.dense.bias', 'cls.seq_relationship.bias', 'cls.predictions.transform.LayerNorm.weight', 'cls.predictions.transform.dense.weight', 'cls.predictions.transform.LayerNorm.bias', 'cls.predictions.decoder.weight', 'cls.seq_relationship.weight']
- This IS expected if you are initializing BertForSequenceClassification from the checkpoint of a model trained on another task or with another architecture (e.g. initializing a BertForSequenceClassification model from a BertForPreTraining model).
- This IS NOT expected if you are initializing BertForSequenceClassification from the checkpoint of a model that you expect to be exactly identical (initializing a BertForSequenceClassification model from a BertForSequenceClassification model).
Some weights of BertForSequenceClassification were not initialized from the model checkpoint at bert-base-cased and are newly initialized: ['classifier.bias', 'classifier.weight']
You should probably TRAIN this model on a down-stream task to be able to use it for predictions and inference.
Found cached dataset boolq (/home/hguan16/.cache/huggingface/datasets/boolq/default/0.1.0/bf0dd57da941c50de94ae3ce3cef7fea48c08f337a4b7aac484e9dddc5aa24e5)
Slicing the data...
Size of the loaded dataset:
 - train: 8000
 - dev: 3270
 - test: 1427
Loading the tokenizer...
Loding the data into DS...
 >>>>>>>> Initializing the data loaders ... 
Loading the model ...
Moving model to device ...cuda
 >>>>>>>>  Initializing optimizer
Epoch 1 training:
 ===> Epoch 1
 - Average training metrics: accuracy={'accuracy': 0.630125}
 - Average validation metrics: accuracy={'accuracy': 0.6321100917431193}
Epoch 2 training:
 ===> Epoch 2
 - Average training metrics: accuracy={'accuracy': 0.662}
 - Average validation metrics: accuracy={'accuracy': 0.6529051987767585}
Epoch 3 training:
 ===> Epoch 3
 - Average training metrics: accuracy={'accuracy': 0.742625}
 - Average validation metrics: accuracy={'accuracy': 0.6688073394495413}
Epoch 4 training:
 ===> Epoch 4
 - Average training metrics: accuracy={'accuracy': 0.829875}
 - Average validation metrics: accuracy={'accuracy': 0.672782874617737}
Epoch 5 training:
 ===> Epoch 5
 - Average training metrics: accuracy={'accuracy': 0.90175}
 - Average validation metrics: accuracy={'accuracy': 0.6694189602446483}
Epoch 6 training:
 ===> Epoch 6
 - Average training metrics: accuracy={'accuracy': 0.94825}
 - Average validation metrics: accuracy={'accuracy': 0.6767584097859327}
Epoch 7 training:
 ===> Epoch 7
 - Average training metrics: accuracy={'accuracy': 0.966125}
 - Average validation metrics: accuracy={'accuracy': 0.6587155963302752}
Loading the dataset ...
  0%|          | 0/2 [00:00<?, ?it/s]100%|██████████| 2/2 [00:00<00:00, 958.37it/s]
Some weights of the model checkpoint at bert-base-cased were not used when initializing BertForSequenceClassification: ['cls.predictions.bias', 'cls.predictions.transform.dense.bias', 'cls.seq_relationship.bias', 'cls.predictions.transform.LayerNorm.weight', 'cls.predictions.transform.dense.weight', 'cls.predictions.transform.LayerNorm.bias', 'cls.predictions.decoder.weight', 'cls.seq_relationship.weight']
- This IS expected if you are initializing BertForSequenceClassification from the checkpoint of a model trained on another task or with another architecture (e.g. initializing a BertForSequenceClassification model from a BertForPreTraining model).
- This IS NOT expected if you are initializing BertForSequenceClassification from the checkpoint of a model that you expect to be exactly identical (initializing a BertForSequenceClassification model from a BertForSequenceClassification model).
Some weights of BertForSequenceClassification were not initialized from the model checkpoint at bert-base-cased and are newly initialized: ['classifier.bias', 'classifier.weight']
You should probably TRAIN this model on a down-stream task to be able to use it for predictions and inference.
Found cached dataset boolq (/home/hguan16/.cache/huggingface/datasets/boolq/default/0.1.0/bf0dd57da941c50de94ae3ce3cef7fea48c08f337a4b7aac484e9dddc5aa24e5)
Slicing the data...
Size of the loaded dataset:
 - train: 8000
 - dev: 3270
 - test: 1427
Loading the tokenizer...
Loding the data into DS...
 >>>>>>>> Initializing the data loaders ... 
Loading the model ...
Moving model to device ...cuda
 >>>>>>>>  Initializing optimizer
Epoch 1 training:
 ===> Epoch 1
 - Average training metrics: accuracy={'accuracy': 0.615375}
 - Average validation metrics: accuracy={'accuracy': 0.5960244648318043}
Epoch 2 training:
 ===> Epoch 2
 - Average training metrics: accuracy={'accuracy': 0.657125}
 - Average validation metrics: accuracy={'accuracy': 0.6134556574923548}
Epoch 3 training:
 ===> Epoch 3
 - Average training metrics: accuracy={'accuracy': 0.7375}
 - Average validation metrics: accuracy={'accuracy': 0.645565749235474}
Epoch 4 training:
 ===> Epoch 4
 - Average training metrics: accuracy={'accuracy': 0.8345}
 - Average validation metrics: accuracy={'accuracy': 0.6562691131498471}
Epoch 5 training:
 ===> Epoch 5
 - Average training metrics: accuracy={'accuracy': 0.892}
 - Average validation metrics: accuracy={'accuracy': 0.6461773700305811}
Epoch 6 training:
 ===> Epoch 6
 - Average training metrics: accuracy={'accuracy': 0.93525}
 - Average validation metrics: accuracy={'accuracy': 0.65565749235474}
Epoch 7 training:
 ===> Epoch 7
 - Average training metrics: accuracy={'accuracy': 0.960625}
 - Average validation metrics: accuracy={'accuracy': 0.652599388379205}
Epoch 8 training:
 ===> Epoch 8
 - Average training metrics: accuracy={'accuracy': 0.97525}
 - Average validation metrics: accuracy={'accuracy': 0.671559633027523}
Epoch 9 training:
 ===> Epoch 9
 - Average training metrics: accuracy={'accuracy': 0.987625}
 - Average validation metrics: accuracy={'accuracy': 0.6657492354740061}
Loading the dataset ...
  0%|          | 0/2 [00:00<?, ?it/s]100%|██████████| 2/2 [00:00<00:00, 994.74it/s]
Some weights of the model checkpoint at bert-base-cased were not used when initializing BertForSequenceClassification: ['cls.predictions.bias', 'cls.predictions.transform.dense.bias', 'cls.seq_relationship.bias', 'cls.predictions.transform.LayerNorm.weight', 'cls.predictions.transform.dense.weight', 'cls.predictions.transform.LayerNorm.bias', 'cls.predictions.decoder.weight', 'cls.seq_relationship.weight']
- This IS expected if you are initializing BertForSequenceClassification from the checkpoint of a model trained on another task or with another architecture (e.g. initializing a BertForSequenceClassification model from a BertForPreTraining model).
- This IS NOT expected if you are initializing BertForSequenceClassification from the checkpoint of a model that you expect to be exactly identical (initializing a BertForSequenceClassification model from a BertForSequenceClassification model).
Some weights of BertForSequenceClassification were not initialized from the model checkpoint at bert-base-cased and are newly initialized: ['classifier.bias', 'classifier.weight']
You should probably TRAIN this model on a down-stream task to be able to use it for predictions and inference.
Found cached dataset boolq (/home/hguan16/.cache/huggingface/datasets/boolq/default/0.1.0/bf0dd57da941c50de94ae3ce3cef7fea48c08f337a4b7aac484e9dddc5aa24e5)
Slicing the data...
Size of the loaded dataset:
 - train: 8000
 - dev: 3270
 - test: 1427
Loading the tokenizer...
Loding the data into DS...
 >>>>>>>> Initializing the data loaders ... 
Loading the model ...
Moving model to device ...cuda
 >>>>>>>>  Initializing optimizer
Epoch 1 training:
 ===> Epoch 1
 - Average training metrics: accuracy={'accuracy': 0.5995}
 - Average validation metrics: accuracy={'accuracy': 0.6217125382262997}
Epoch 2 training:
 ===> Epoch 2
 - Average training metrics: accuracy={'accuracy': 0.607375}
 - Average validation metrics: accuracy={'accuracy': 0.6217125382262997}
Epoch 3 training:
 ===> Epoch 3
 - Average training metrics: accuracy={'accuracy': 0.614125}
 - Average validation metrics: accuracy={'accuracy': 0.6217125382262997}
Epoch 4 training:
 ===> Epoch 4
 - Average training metrics: accuracy={'accuracy': 0.61375}
 - Average validation metrics: accuracy={'accuracy': 0.6217125382262997}
Epoch 5 training:
 ===> Epoch 5
 - Average training metrics: accuracy={'accuracy': 0.619875}
 - Average validation metrics: accuracy={'accuracy': 0.6217125382262997}
Loading the dataset ...
  0%|          | 0/2 [00:00<?, ?it/s]100%|██████████| 2/2 [00:00<00:00, 999.00it/s]
Some weights of the model checkpoint at bert-base-cased were not used when initializing BertForSequenceClassification: ['cls.predictions.bias', 'cls.predictions.transform.dense.bias', 'cls.seq_relationship.bias', 'cls.predictions.transform.LayerNorm.weight', 'cls.predictions.transform.dense.weight', 'cls.predictions.transform.LayerNorm.bias', 'cls.predictions.decoder.weight', 'cls.seq_relationship.weight']
- This IS expected if you are initializing BertForSequenceClassification from the checkpoint of a model trained on another task or with another architecture (e.g. initializing a BertForSequenceClassification model from a BertForPreTraining model).
- This IS NOT expected if you are initializing BertForSequenceClassification from the checkpoint of a model that you expect to be exactly identical (initializing a BertForSequenceClassification model from a BertForSequenceClassification model).
Some weights of BertForSequenceClassification were not initialized from the model checkpoint at bert-base-cased and are newly initialized: ['classifier.bias', 'classifier.weight']
You should probably TRAIN this model on a down-stream task to be able to use it for predictions and inference.
Found cached dataset boolq (/home/hguan16/.cache/huggingface/datasets/boolq/default/0.1.0/bf0dd57da941c50de94ae3ce3cef7fea48c08f337a4b7aac484e9dddc5aa24e5)
Slicing the data...
Size of the loaded dataset:
 - train: 8000
 - dev: 3270
 - test: 1427
Loading the tokenizer...
Loding the data into DS...
 >>>>>>>> Initializing the data loaders ... 
Loading the model ...
Moving model to device ...cuda
 >>>>>>>>  Initializing optimizer
Epoch 1 training:
 ===> Epoch 1
 - Average training metrics: accuracy={'accuracy': 0.60375}
 - Average validation metrics: accuracy={'accuracy': 0.6217125382262997}
Epoch 2 training:
 ===> Epoch 2
 - Average training metrics: accuracy={'accuracy': 0.60125}
 - Average validation metrics: accuracy={'accuracy': 0.6217125382262997}
Epoch 3 training:
 ===> Epoch 3
 - Average training metrics: accuracy={'accuracy': 0.61225}
 - Average validation metrics: accuracy={'accuracy': 0.6217125382262997}
Epoch 4 training:
 ===> Epoch 4
 - Average training metrics: accuracy={'accuracy': 0.614}
 - Average validation metrics: accuracy={'accuracy': 0.6217125382262997}
Epoch 5 training:
 ===> Epoch 5
 - Average training metrics: accuracy={'accuracy': 0.61775}
 - Average validation metrics: accuracy={'accuracy': 0.6217125382262997}
Epoch 6 training:
 ===> Epoch 6
 - Average training metrics: accuracy={'accuracy': 0.618625}
 - Average validation metrics: accuracy={'accuracy': 0.6217125382262997}
Epoch 7 training:
 ===> Epoch 7
 - Average training metrics: accuracy={'accuracy': 0.62025}
 - Average validation metrics: accuracy={'accuracy': 0.6217125382262997}
Loading the dataset ...
  0%|          | 0/2 [00:00<?, ?it/s]100%|██████████| 2/2 [00:00<00:00, 967.10it/s]
Some weights of the model checkpoint at bert-base-cased were not used when initializing BertForSequenceClassification: ['cls.predictions.bias', 'cls.predictions.transform.dense.bias', 'cls.seq_relationship.bias', 'cls.predictions.transform.LayerNorm.weight', 'cls.predictions.transform.dense.weight', 'cls.predictions.transform.LayerNorm.bias', 'cls.predictions.decoder.weight', 'cls.seq_relationship.weight']
- This IS expected if you are initializing BertForSequenceClassification from the checkpoint of a model trained on another task or with another architecture (e.g. initializing a BertForSequenceClassification model from a BertForPreTraining model).
- This IS NOT expected if you are initializing BertForSequenceClassification from the checkpoint of a model that you expect to be exactly identical (initializing a BertForSequenceClassification model from a BertForSequenceClassification model).
Some weights of BertForSequenceClassification were not initialized from the model checkpoint at bert-base-cased and are newly initialized: ['classifier.bias', 'classifier.weight']
You should probably TRAIN this model on a down-stream task to be able to use it for predictions and inference.
Found cached dataset boolq (/home/hguan16/.cache/huggingface/datasets/boolq/default/0.1.0/bf0dd57da941c50de94ae3ce3cef7fea48c08f337a4b7aac484e9dddc5aa24e5)
Slicing the data...
Size of the loaded dataset:
 - train: 8000
 - dev: 3270
 - test: 1427
Loading the tokenizer...
Loding the data into DS...
 >>>>>>>> Initializing the data loaders ... 
Loading the model ...
Moving model to device ...cuda
 >>>>>>>>  Initializing optimizer
Epoch 1 training:
 ===> Epoch 1
 - Average training metrics: accuracy={'accuracy': 0.5885}
 - Average validation metrics: accuracy={'accuracy': 0.6217125382262997}
Epoch 2 training:
 ===> Epoch 2
 - Average training metrics: accuracy={'accuracy': 0.598125}
 - Average validation metrics: accuracy={'accuracy': 0.6217125382262997}
Epoch 3 training:
 ===> Epoch 3
 - Average training metrics: accuracy={'accuracy': 0.6075}
 - Average validation metrics: accuracy={'accuracy': 0.6217125382262997}
Epoch 4 training:
 ===> Epoch 4
 - Average training metrics: accuracy={'accuracy': 0.61075}
 - Average validation metrics: accuracy={'accuracy': 0.6217125382262997}
Epoch 5 training:
 ===> Epoch 5
 - Average training metrics: accuracy={'accuracy': 0.6165}
 - Average validation metrics: accuracy={'accuracy': 0.6217125382262997}
Epoch 6 training:
 ===> Epoch 6
 - Average training metrics: accuracy={'accuracy': 0.6195}
 - Average validation metrics: accuracy={'accuracy': 0.6217125382262997}
Epoch 7 training:
 ===> Epoch 7
 - Average training metrics: accuracy={'accuracy': 0.62025}
 - Average validation metrics: accuracy={'accuracy': 0.6217125382262997}
Epoch 8 training:
 ===> Epoch 8
 - Average training metrics: accuracy={'accuracy': 0.621}
 - Average validation metrics: accuracy={'accuracy': 0.6217125382262997}
Epoch 9 training:
 ===> Epoch 9
 - Average training metrics: accuracy={'accuracy': 0.621125}
 - Average validation metrics: accuracy={'accuracy': 0.6217125382262997}
Loading the dataset ...
  0%|          | 0/2 [00:00<?, ?it/s]100%|██████████| 2/2 [00:00<00:00, 982.04it/s]
Some weights of the model checkpoint at bert-base-cased were not used when initializing BertForSequenceClassification: ['cls.predictions.bias', 'cls.predictions.transform.dense.bias', 'cls.seq_relationship.bias', 'cls.predictions.transform.LayerNorm.weight', 'cls.predictions.transform.dense.weight', 'cls.predictions.transform.LayerNorm.bias', 'cls.predictions.decoder.weight', 'cls.seq_relationship.weight']
- This IS expected if you are initializing BertForSequenceClassification from the checkpoint of a model trained on another task or with another architecture (e.g. initializing a BertForSequenceClassification model from a BertForPreTraining model).
- This IS NOT expected if you are initializing BertForSequenceClassification from the checkpoint of a model that you expect to be exactly identical (initializing a BertForSequenceClassification model from a BertForSequenceClassification model).
Some weights of BertForSequenceClassification were not initialized from the model checkpoint at bert-base-cased and are newly initialized: ['classifier.bias', 'classifier.weight']
You should probably TRAIN this model on a down-stream task to be able to use it for predictions and inference.
Found cached dataset boolq (/home/hguan16/.cache/huggingface/datasets/boolq/default/0.1.0/bf0dd57da941c50de94ae3ce3cef7fea48c08f337a4b7aac484e9dddc5aa24e5)
Slicing the data...
Size of the loaded dataset:
 - train: 8000
 - dev: 3270
 - test: 1427
Loading the tokenizer...
Loding the data into DS...
 >>>>>>>> Initializing the data loaders ... 
Loading the model ...
Moving model to device ...cuda
 >>>>>>>>  Initializing optimizer
Epoch 1 training:
 ===> Epoch 1
 - Average training metrics: accuracy={'accuracy': 0.594}
 - Average validation metrics: accuracy={'accuracy': 0.6217125382262997}
Epoch 2 training:
 ===> Epoch 2
 - Average training metrics: accuracy={'accuracy': 0.5945}
 - Average validation metrics: accuracy={'accuracy': 0.6217125382262997}
Epoch 3 training:
 ===> Epoch 3
 - Average training metrics: accuracy={'accuracy': 0.601875}
 - Average validation metrics: accuracy={'accuracy': 0.6217125382262997}
Epoch 4 training:
 ===> Epoch 4
 - Average training metrics: accuracy={'accuracy': 0.609}
 - Average validation metrics: accuracy={'accuracy': 0.6217125382262997}
Epoch 5 training:
 ===> Epoch 5
 - Average training metrics: accuracy={'accuracy': 0.619375}
 - Average validation metrics: accuracy={'accuracy': 0.6217125382262997}
Loading the dataset ...
  0%|          | 0/2 [00:00<?, ?it/s]100%|██████████| 2/2 [00:00<00:00, 982.39it/s]
Some weights of the model checkpoint at bert-base-cased were not used when initializing BertForSequenceClassification: ['cls.predictions.bias', 'cls.predictions.transform.dense.bias', 'cls.seq_relationship.bias', 'cls.predictions.transform.LayerNorm.weight', 'cls.predictions.transform.dense.weight', 'cls.predictions.transform.LayerNorm.bias', 'cls.predictions.decoder.weight', 'cls.seq_relationship.weight']
- This IS expected if you are initializing BertForSequenceClassification from the checkpoint of a model trained on another task or with another architecture (e.g. initializing a BertForSequenceClassification model from a BertForPreTraining model).
- This IS NOT expected if you are initializing BertForSequenceClassification from the checkpoint of a model that you expect to be exactly identical (initializing a BertForSequenceClassification model from a BertForSequenceClassification model).
Some weights of BertForSequenceClassification were not initialized from the model checkpoint at bert-base-cased and are newly initialized: ['classifier.bias', 'classifier.weight']
You should probably TRAIN this model on a down-stream task to be able to use it for predictions and inference.
Found cached dataset boolq (/home/hguan16/.cache/huggingface/datasets/boolq/default/0.1.0/bf0dd57da941c50de94ae3ce3cef7fea48c08f337a4b7aac484e9dddc5aa24e5)
Slicing the data...
Size of the loaded dataset:
 - train: 8000
 - dev: 3270
 - test: 1427
Loading the tokenizer...
Loding the data into DS...
 >>>>>>>> Initializing the data loaders ... 
Loading the model ...
Moving model to device ...cuda
 >>>>>>>>  Initializing optimizer
Epoch 1 training:
 ===> Epoch 1
 - Average training metrics: accuracy={'accuracy': 0.59175}
 - Average validation metrics: accuracy={'accuracy': 0.6217125382262997}
Epoch 2 training:
 ===> Epoch 2
 - Average training metrics: accuracy={'accuracy': 0.599125}
 - Average validation metrics: accuracy={'accuracy': 0.6217125382262997}
Epoch 3 training:
 ===> Epoch 3
 - Average training metrics: accuracy={'accuracy': 0.602625}
 - Average validation metrics: accuracy={'accuracy': 0.6217125382262997}
Epoch 4 training:
 ===> Epoch 4
 - Average training metrics: accuracy={'accuracy': 0.605}
 - Average validation metrics: accuracy={'accuracy': 0.6217125382262997}
Epoch 5 training:
 ===> Epoch 5
 - Average training metrics: accuracy={'accuracy': 0.608}
 - Average validation metrics: accuracy={'accuracy': 0.6217125382262997}
Epoch 6 training:
 ===> Epoch 6
 - Average training metrics: accuracy={'accuracy': 0.619625}
 - Average validation metrics: accuracy={'accuracy': 0.6217125382262997}
Epoch 7 training:
 ===> Epoch 7
 - Average training metrics: accuracy={'accuracy': 0.6235}
 - Average validation metrics: accuracy={'accuracy': 0.6217125382262997}
Loading the dataset ...
  0%|          | 0/2 [00:00<?, ?it/s]100%|██████████| 2/2 [00:00<00:00, 993.09it/s]
Some weights of the model checkpoint at bert-base-cased were not used when initializing BertForSequenceClassification: ['cls.predictions.bias', 'cls.predictions.transform.dense.bias', 'cls.seq_relationship.bias', 'cls.predictions.transform.LayerNorm.weight', 'cls.predictions.transform.dense.weight', 'cls.predictions.transform.LayerNorm.bias', 'cls.predictions.decoder.weight', 'cls.seq_relationship.weight']
- This IS expected if you are initializing BertForSequenceClassification from the checkpoint of a model trained on another task or with another architecture (e.g. initializing a BertForSequenceClassification model from a BertForPreTraining model).
- This IS NOT expected if you are initializing BertForSequenceClassification from the checkpoint of a model that you expect to be exactly identical (initializing a BertForSequenceClassification model from a BertForSequenceClassification model).
Some weights of BertForSequenceClassification were not initialized from the model checkpoint at bert-base-cased and are newly initialized: ['classifier.bias', 'classifier.weight']
You should probably TRAIN this model on a down-stream task to be able to use it for predictions and inference.
huggingface/tokenizers: The current process just got forked, after parallelism has already been used. Disabling parallelism to avoid deadlocks...
To disable this warning, you can either:
	- Avoid using `tokenizers` before the fork if possible
	- Explicitly set the environment variable TOKENIZERS_PARALLELISM=(true | false)
Slicing the data...
Size of the loaded dataset:
 - train: 8000
 - dev: 3270
 - test: 1427
Loading the tokenizer...
Loding the data into DS...
 >>>>>>>> Initializing the data loaders ... 
Loading the model ...
Moving model to device ...cuda
 >>>>>>>>  Initializing optimizer
Epoch 1 training:
 ===> Epoch 1
 - Average training metrics: accuracy={'accuracy': 0.57125}
 - Average validation metrics: accuracy={'accuracy': 0.6217125382262997}
Epoch 2 training:
 ===> Epoch 2
 - Average training metrics: accuracy={'accuracy': 0.583125}
 - Average validation metrics: accuracy={'accuracy': 0.6217125382262997}
Epoch 3 training:
 ===> Epoch 3
 - Average training metrics: accuracy={'accuracy': 0.594375}
 - Average validation metrics: accuracy={'accuracy': 0.6217125382262997}
Epoch 4 training:
 ===> Epoch 4
 - Average training metrics: accuracy={'accuracy': 0.5965}
 - Average validation metrics: accuracy={'accuracy': 0.6217125382262997}
Epoch 5 training:
 ===> Epoch 5
 - Average training metrics: accuracy={'accuracy': 0.5995}
 - Average validation metrics: accuracy={'accuracy': 0.6217125382262997}
Epoch 6 training:
 ===> Epoch 6
 - Average training metrics: accuracy={'accuracy': 0.60525}
 - Average validation metrics: accuracy={'accuracy': 0.6217125382262997}
Epoch 7 training:
 ===> Epoch 7
 - Average training metrics: accuracy={'accuracy': 0.61125}
 - Average validation metrics: accuracy={'accuracy': 0.6217125382262997}
Epoch 8 training:
 ===> Epoch 8
 - Average training metrics: accuracy={'accuracy': 0.613875}
 - Average validation metrics: accuracy={'accuracy': 0.6217125382262997}
Epoch 9 training:
 ===> Epoch 9
 - Average training metrics: accuracy={'accuracy': 0.615125}
 - Average validation metrics: accuracy={'accuracy': 0.6217125382262997}
torch.cuda.memory_allocated: 0.849475GB
torch.cuda.memory_reserved: 7.080078GB
torch.cuda.max_memory_reserved: 7.080078GB
Tue Mar 14 06:28:39 2023       
+-----------------------------------------------------------------------------+
| NVIDIA-SMI 460.56       Driver Version: 460.56       CUDA Version: 11.2     |
|-------------------------------+----------------------+----------------------+
| GPU  Name        Persistence-M| Bus-Id        Disp.A | Volatile Uncorr. ECC |
| Fan  Temp  Perf  Pwr:Usage/Cap|         Memory-Usage | GPU-Util  Compute M. |
|                               |                      |               MIG M. |
|===============================+======================+======================|
|   0  Graphics Device     On   | 00000000:17:00.0 Off |                   On |
| N/A   53C    P0   180W / 300W |  24268MiB / 81251MiB |     N/A      Default |
|                               |                      |              Enabled |
+-------------------------------+----------------------+----------------------+
|   1  Graphics Device     On   | 00000000:31:00.0 Off |                   On |
| N/A   41C    P0    68W / 300W |   8183MiB / 81251MiB |     N/A      Default |
|                               |                      |              Enabled |
+-------------------------------+----------------------+----------------------+
|   2  Graphics Device     On   | 00000000:B1:00.0 Off |                   On |
| N/A   30C    P0    41W / 300W |     13MiB / 81251MiB |     N/A      Default |
|                               |                      |              Enabled |
+-------------------------------+----------------------+----------------------+
|   3  Graphics Device     On   | 00000000:CA:00.0 Off |                   On |
| N/A   30C    P0    44W / 300W |     13MiB / 81251MiB |     N/A      Default |
|                               |                      |              Enabled |
+-------------------------------+----------------------+----------------------+

+-----------------------------------------------------------------------------+
| MIG devices:                                                                |
+------------------+----------------------+-----------+-----------------------+
| GPU  GI  CI  MIG |         Memory-Usage |        Vol|         Shared        |
|      ID  ID  Dev |           BAR1-Usage | SM     Unc| CE  ENC  DEC  OFA  JPG|
|                  |                      |        ECC|                       |
|==================+======================+===========+=======================|
|  1    9   0   0  |   8172MiB /  9728MiB | 14      0 |  1   0    0    0    0 |
|                  |      4MiB / 16383MiB |           |                       |
+------------------+----------------------+-----------+-----------------------+
                                                                               
+-----------------------------------------------------------------------------+
| Processes:                                                                  |
|  GPU   GI   CI        PID   Type   Process name                  GPU Memory |
|        ID   ID                                                   Usage      |
|=============================================================================|
|    0   11    0       2639      C   ...sification_env/bin/python     8039MiB |
|    0    7    0       4014      C   ...sification_env/bin/python     8015MiB |
|    0   14    0      44691      C   ...jeefzx3kp5jqdu/bin/python     8191MiB |
|    1    9    0      44215      C   ...jeefzx3kp5jqdu/bin/python     8167MiB |
+-----------------------------------------------------------------------------+

 - Average DEV metrics: accuracy=Ellipsis
 - Average TEST metrics: accuracy=Ellipsis
